builds/madHorseRunnerS1/build/outputs/logs/manifest-merger-release-report.txt
-- Merging decision tree log ---
manifest
ADDED from src/main/AndroidManifest.xml:2:1-26:12
	package
		ADDED from src/main/AndroidManifest.xml:2:168-200
		INJECTED from src/main/AndroidManifest.xml
		INJECTED from src/main/AndroidManifest.xml
	android:versionName
		ADDED from src/main/AndroidManifest.xml:2:142-167
	android:versionCode
		ADDED from src/main/AndroidManifest.xml:2:118-141
		INJECTED from src/main/AndroidManifest.xml
		INJECTED from src/main/AndroidManifest.xml
	xmlns:android
		ADDED from src/main/AndroidManifest.xml:2:11-69
	android:installLocation
		ADDED from src/main/AndroidManifest.xml:2:201-241
	android:theme
		ADDED from src/main/AndroidManifest.xml:2:70-117
supports-screens
ADDED from src/main/AndroidManifest.xml:3:3-163
	android:largeScreens
		ADDED from src/main/AndroidManifest.xml:3:47-74
	android:smallScreens
		ADDED from src/main/AndroidManifest.xml:3:104-131
	android:normalScreens
		ADDED from src/main/AndroidManifest.xml:3:75-103
	android:xlargeScreens
		ADDED from src/main/AndroidManifest.xml:3:132-160
	android:anyDensity
		ADDED from src/main/AndroidManifest.xml:3:21-46
application
ADDED from src/main/AndroidManifest.xml:4:3-15:17
	android:label
		ADDED from src/main/AndroidManifest.xml:4:50-82
	android:icon
		ADDED from src/main/AndroidManifest.xml:4:16-49
activity#com.Tanggoal.madhiorse.UnityPlayerNativeActivity
ADDED from src/main/AndroidManifest.xml:5:5-13:16
	android:screenOrientation
		ADDED from src/main/AndroidManifest.xml:5:48-85
	android:label
		ADDED from src/main/AndroidManifest.xml:5:15-47
	android:launchMode
		ADDED from src/main/AndroidManifest.xml:5:86-117
	android:configChanges
		ADDED from src/main/AndroidManifest.xml:5:118-275
	android:name
		ADDED from src/main/AndroidManifest.xml:5:276-339
intent-filter#android.intent.action.MAIN+android.intent.category.LAUNCHER+android.intent.category.LEANBACK_LAUNCHER
ADDED from src/main/AndroidManifest.xml:6:7-10:23
action#android.intent.action.MAIN
ADDED from src/main/AndroidManifest.xml:7:9-61
	android:name
		ADDED from src/main/AndroidManifest.xml:7:17-58
category#android.intent.category.LAUNCHER
ADDED from src/main/AndroidManifest.xml:8:9-69
	android:name
		ADDED from src/main/AndroidManifest.xml:8:19-66
category#android.intent.category.LEANBACK_LAUNCHER
ADDED from src/main/AndroidManifest.xml:9:9-78
	android:name
		ADDED from src/main/AndroidManifest.xml:9:19-75
meta-data#unityplayer.UnityActivity
ADDED from src/main/AndroidManifest.xml:11:7-82
	android:value
		ADDED from src/main/AndroidManifest.xml:11:59-79
	android:name
		ADDED from src/main/AndroidManifest.xml:11:18-58
meta-data#unityplayer.ForwardNativeEventsToDalvik
ADDED from src/main/AndroidManifest.xml:12:7-97
	android:value
		ADDED from src/main/AndroidManifest.xml:12:73-94
	android:name
		ADDED from src/main/AndroidManifest.xml:12:18-72
activity#com.unity3d.ads.android.view.UnityAdsFullscreenActivity
ADDED from src/main/AndroidManifest.xml:14:5-418
	xmlns:tools
		ADDED from src/main/AndroidManifest.xml:14:338-384
	android:hardwareAccelerated
		ADDED from src/main/AndroidManifest.xml:14:173-207
	tools:ignore
		ADDED from src/main/AndroidManifest.xml:14:385-415
	android:configChanges
		ADDED from src/main/AndroidManifest.xml:14:15-172
	android:theme
		ADDED from src/main/AndroidManifest.xml:14:279-337
	android:name
		ADDED from src/main/AndroidManifest.xml:14:208-278
uses-sdk
ADDED from src/main/AndroidManifest.xml:16:3-72
	android:targetSdkVersion
		ADDED from src/main/AndroidManifest.xml:16:40-69
		INJECTED from src/main/AndroidManifest.xml
		INJECTED from src/main/AndroidManifest.xml
	android:minSdkVersion
		ADDED from src/main/AndroidManifest.xml:16:13-39
		INJECTED from src/main/AndroidManifest.xml
		INJECTED from src/main/AndroidManifest.xml
uses-permission#android.permission.ACCESS_NETWORK_STATE
ADDED from src/main/AndroidManifest.xml:17:3-77
	android:name
		ADDED from src/main/AndroidManifest.xml:17:20-74
uses-permission#android.permission.INTERNET
ADDED from src/main/AndroidManifest.xml:18:3-65
	android:name
		ADDED from src/main/AndroidManifest.xml:18:20-62
uses-feature#0x00020000
ADDED from src/main/AndroidManifest.xml:19:3-52
	android:glEsVersion
		ADDED from src/main/AndroidManifest.xml:19:17-49
uses-permission#android.permission.WRITE_EXTERNAL_STORAGE
ADDED from src/main/AndroidManifest.xml:20:3-79
	android:name
		ADDED from src/main/AndroidManifest.xml:20:20-76
uses-feature#android.hardware.sensor.accelerometer
ADDED from src/main/AndroidManifest.xml:21:3-72
	android:name
		ADDED from src/main/AndroidManifest.xml:21:17-69
uses-feature#android.hardware.touchscreen
ADDED from src/main/AndroidManifest.xml:22:3-88
	android:required
		ADDED from src/main/AndroidManifest.xml:22:61-85
	android:name
		ADDED from src/main/AndroidManifest.xml:22:17-60
uses-feature#android.hardware.touchscreen.multitouch
ADDED from src/main/AndroidManifest.xml:23:3-99
	android:required
		ADDED from src/main/AndroidManifest.xml:23:72-96
	android:name
		ADDED from src/main/AndroidManifest.xml:23:17-71
uses-feature#android.hardware.touchscreen.multitouch.distinct
ADDED from src/main/AndroidManifest.xml:24:3-108
	android:required
		ADDED from src/main/AndroidManifest.xml:24:81-105
	android:name
		ADDED from src/main/AndroidManifest.xml:24:17-80
uses-permission#android.permission.WAKE_LOCK
ADDED from src/main/AndroidManifest.xml:25:3-66
	android:name
		ADDED from src/main/AndroidManifest.xml:25:20-63